"GET /transients/ HTTP/1.1" 200 8110
Not Found: /transients/style.css
"GET /transients/style.css HTTP/1.1" 404 3501
Watching for file changes with StatReloader
C:\Users\ipech\OneDrive\Рабочий стол\Научка\Cat\myproject\myapp\views.py changed, reloading.
Watching for file changes with StatReloader
C:\Users\ipech\OneDrive\Рабочий стол\Научка\Cat\myproject\myapp\radius.py changed, reloading.
Watching for file changes with StatReloader
C:\Users\ipech\OneDrive\Рабочий стол\Научка\Cat\myproject\myapp\radius.py changed, reloading.
Watching for file changes with StatReloader
C:\Users\ipech\OneDrive\Рабочий стол\Научка\Cat\myproject\myapp\radius.py changed, reloading.
Watching for file changes with StatReloader
C:\Users\ipech\OneDrive\Рабочий стол\Научка\Cat\myproject\myapp\radius.py changed, reloading.
Watching for file changes with StatReloader
C:\Users\ipech\OneDrive\Рабочий стол\Научка\Cat\myproject\myapp\radius.py changed, reloading.
Watching for file changes with StatReloader
C:\Users\ipech\OneDrive\Рабочий стол\Научка\Cat\myproject\myapp\radius.py changed, reloading.
Watching for file changes with StatReloader
"GET / HTTP/1.1" 200 3169
Not Found: /style.css
"GET /style.css HTTP/1.1" 404 3634
"GET /spinar HTTP/1.1" 301 0
"GET /spinar/ HTTP/1.1" 200 32
C:\Users\ipech\OneDrive\Рабочий стол\Научка\Cat\myproject\myapp\views.py changed, reloading.
Watching for file changes with StatReloader
C:\Users\ipech\OneDrive\Рабочий стол\Научка\Cat\myproject\myapp\views.py changed, reloading.
Watching for file changes with StatReloader
C:\Users\ipech\OneDrive\Рабочий стол\Научка\Cat\myproject\myapp\views.py changed, reloading.
Watching for file changes with StatReloader
"GET /spinar/ HTTP/1.1" 200 32
C:\Users\ipech\OneDrive\Рабочий стол\Научка\Cat\myproject\myapp\urls.py changed, reloading.
Watching for file changes with StatReloader
C:\Users\ipech\OneDrive\Рабочий стол\Научка\Cat\myproject\myapp\urls.py changed, reloading.
Watching for file changes with StatReloader
"GET /spinar/ HTTP/1.1" 200 3535
Not Found: /spinar/style.css
"GET /spinar/style.css HTTP/1.1" 404 3658
Internal Server Error: /spinar/
Traceback (most recent call last):
  File "C:\Users\ipech\OneDrive\Рабочий стол\Научка\Cat\.venv\Lib\site-packages\django\core\handlers\exception.py", line 55, in inner
    response = get_response(request)
               ^^^^^^^^^^^^^^^^^^^^^
  File "C:\Users\ipech\OneDrive\Рабочий стол\Научка\Cat\.venv\Lib\site-packages\django\core\handlers\base.py", line 197, in _get_response
    response = wrapped_callback(request, *callback_args, **callback_kwargs)
               ^^^^^^^^^^^^^^^^^^^^^^^^^^^^^^^^^^^^^^^^^^^^^^^^^^^^^^^^^^^^
  File "C:\Users\ipech\OneDrive\Рабочий стол\Научка\Cat\myproject\myapp\views.py", line 152, in spinar
    ao = form.cleaned_data['a']
         ~~~~~~~~~~~~~~~~~^^^^^
KeyError: 'a'
"POST /spinar/ HTTP/1.1" 500 68506
C:\Users\ipech\OneDrive\Рабочий стол\Научка\Cat\myproject\myapp\views.py changed, reloading.
Watching for file changes with StatReloader
Internal Server Error: /spinar/
Traceback (most recent call last):
  File "C:\Users\ipech\OneDrive\Рабочий стол\Научка\Cat\.venv\Lib\site-packages\django\core\handlers\exception.py", line 55, in inner
    response = get_response(request)
               ^^^^^^^^^^^^^^^^^^^^^
  File "C:\Users\ipech\OneDrive\Рабочий стол\Научка\Cat\.venv\Lib\site-packages\django\utils\deprecation.py", line 136, in __call__
    response = self.process_response(request, response)
               ^^^^^^^^^^^^^^^^^^^^^^^^^^^^^^^^^^^^^^^^
  File "C:\Users\ipech\OneDrive\Рабочий стол\Научка\Cat\.venv\Lib\site-packages\django\middleware\clickjacking.py", line 27, in process_response
    if response.get("X-Frame-Options") is not None:
       ^^^^^^^^^^^^
AttributeError: 'Figure' object has no attribute 'get'. Did you mean: 'set'?
"POST /spinar/ HTTP/1.1" 500 67832
C:\Users\ipech\OneDrive\Рабочий стол\Научка\Cat\myproject\myapp\views.py changed, reloading.
Watching for file changes with StatReloader
C:\Users\ipech\OneDrive\Рабочий стол\Научка\Cat\myproject\myapp\views.py changed, reloading.
Watching for file changes with StatReloader
C:\Users\ipech\OneDrive\Рабочий стол\Научка\Cat\myproject\myapp\views.py changed, reloading.
Watching for file changes with StatReloader
C:\Users\ipech\OneDrive\Рабочий стол\Научка\Cat\myproject\myapp\views.py changed, reloading.
Watching for file changes with StatReloader
C:\Users\ipech\OneDrive\Рабочий стол\Научка\Cat\myproject\myapp\views.py changed, reloading.
Watching for file changes with StatReloader
C:\Users\ipech\OneDrive\Рабочий стол\Научка\Cat\myproject\myapp\views.py changed, reloading.
Watching for file changes with StatReloader
C:\Users\ipech\OneDrive\Рабочий стол\Научка\Cat\myproject\myapp\views.py changed, reloading.
Watching for file changes with StatReloader
C:\Users\ipech\OneDrive\Рабочий стол\Научка\Cat\myproject\myapp\views.py changed, reloading.
Watching for file changes with StatReloader
C:\Users\ipech\OneDrive\Рабочий стол\Научка\Cat\myproject\myapp\views.py changed, reloading.
Watching for file changes with StatReloader
"POST /spinar/ HTTP/1.1" 200 2940
Not Found: /spinar/style.css
"GET /spinar/style.css HTTP/1.1" 404 3658
"POST /spinar/ HTTP/1.1" 200 2940
Not Found: /spinar/style.css
"GET /spinar/style.css HTTP/1.1" 404 3658
C:\Users\ipech\OneDrive\Рабочий стол\Научка\Cat\myproject\myapp\views.py changed, reloading.
Watching for file changes with StatReloader
"POST /spinar/ HTTP/1.1" 200 2942
Not Found: /spinar/style.css
"GET /spinar/style.css HTTP/1.1" 404 3658
C:\Users\ipech\OneDrive\Рабочий стол\Научка\Cat\myproject\myapp\radius.py changed, reloading.
Watching for file changes with StatReloader
C:\Users\ipech\OneDrive\Рабочий стол\Научка\Cat\myproject\myapp\radius.py changed, reloading.
Watching for file changes with StatReloader
C:\Users\ipech\OneDrive\Рабочий стол\Научка\Cat\myproject\myapp\views.py changed, reloading.
Watching for file changes with StatReloader
C:\Users\ipech\OneDrive\Рабочий стол\Научка\Cat\myproject\myapp\views.py changed, reloading.
Watching for file changes with StatReloader
C:\Users\ipech\OneDrive\Рабочий стол\Научка\Cat\myproject\myapp\views.py changed, reloading.
Watching for file changes with StatReloader
C:\Users\ipech\OneDrive\Рабочий стол\Научка\Cat\myproject\myapp\views.py changed, reloading.
Watching for file changes with StatReloader
"GET /spinar/ HTTP/1.1" 200 3535
"POST /spinar/ HTTP/1.1" 200 2948
Not Found: /spinar/name
Not Found: /spinar/style.css
"GET /spinar/name HTTP/1.1" 404 3643
"GET /spinar/style.css HTTP/1.1" 404 3658
"GET /spinar/ HTTP/1.1" 200 3535
"POST /spinar/ HTTP/1.1" 200 2948
Not Found: /spinar/name
Not Found: /spinar/style.css
"GET /spinar/name HTTP/1.1" 404 3643
"GET /spinar/style.css HTTP/1.1" 404 3658
Not Found: /spinar/name
"GET /spinar/name HTTP/1.1" 404 3643
"POST /spinar/ HTTP/1.1" 200 2951
Not Found: /spinar/style.css
Not Found: /name
"GET /spinar/style.css HTTP/1.1" 404 3658
"GET /name HTTP/1.1" 404 3622
"GET /spinar/ HTTP/1.1" 200 3535
"POST /spinar/ HTTP/1.1" 200 2951
Not Found: /name
Not Found: /spinar/style.css
"GET /name HTTP/1.1" 404 3622
"GET /spinar/style.css HTTP/1.1" 404 3658
"POST /spinar/ HTTP/1.1" 200 2955
Not Found: /spinar/style.css
Not Found: /spinar/.../
"GET /spinar/style.css HTTP/1.1" 404 3658
"GET /spinar/.../ HTTP/1.1" 404 3643
C:\Users\ipech\OneDrive\Рабочий стол\Научка\Cat\myproject\myapp\views.py changed, reloading.
Watching for file changes with StatReloader
C:\Users\ipech\OneDrive\Рабочий стол\Научка\Cat\myproject\myapp\views.py changed, reloading.
Watching for file changes with StatReloader
C:\Users\ipech\OneDrive\Рабочий стол\Научка\Cat\myproject\myapp\views.py changed, reloading.
Watching for file changes with StatReloader
"POST /spinar/ HTTP/1.1" 200 2948
Not Found: /spinar/style.css
Not Found: /spinar/name
"GET /spinar/style.css HTTP/1.1" 404 3658
"GET /spinar/name HTTP/1.1" 404 3643
"GET /spinar/ HTTP/1.1" 200 3535
"POST /spinar/ HTTP/1.1" 200 2948
Not Found: /spinar/style.css
Not Found: /spinar/name
"GET /spinar/style.css HTTP/1.1" 404 3658
"GET /spinar/name HTTP/1.1" 404 3643
C:\Users\ipech\OneDrive\Рабочий стол\Научка\Cat\myproject\myapp\radius.py changed, reloading.
Watching for file changes with StatReloader
C:\Users\ipech\OneDrive\Рабочий стол\Научка\Cat\myproject\myapp\radius.py changed, reloading.
Watching for file changes with StatReloader
C:\Users\ipech\OneDrive\Рабочий стол\Научка\Cat\myproject\myapp\radius.py changed, reloading.
Watching for file changes with StatReloader
C:\Users\ipech\OneDrive\Рабочий стол\Научка\Cat\myproject\myapp\radius.py changed, reloading.
Watching for file changes with StatReloader
C:\Users\ipech\OneDrive\Рабочий стол\Научка\Cat\myproject\myapp\radius.py changed, reloading.
Watching for file changes with StatReloader
C:\Users\ipech\OneDrive\Рабочий стол\Научка\Cat\myproject\myapp\radius.py changed, reloading.
Watching for file changes with StatReloader
C:\Users\ipech\OneDrive\Рабочий стол\Научка\Cat\myproject\myapp\radius.py changed, reloading.
Watching for file changes with StatReloader
C:\Users\ipech\OneDrive\Рабочий стол\Научка\Cat\myproject\myapp\radius.py changed, reloading.
Watching for file changes with StatReloader
C:\Users\ipech\OneDrive\Рабочий стол\Научка\Cat\myproject\myapp\radius.py changed, reloading.
Watching for file changes with StatReloader
C:\Users\ipech\OneDrive\Рабочий стол\Научка\Cat\myproject\myapp\radius.py changed, reloading.
Watching for file changes with StatReloader
C:\Users\ipech\OneDrive\Рабочий стол\Научка\Cat\myproject\myapp\radius.py changed, reloading.
Watching for file changes with StatReloader
C:\Users\ipech\OneDrive\Рабочий стол\Научка\Cat\myproject\myapp\radius.py changed, reloading.
Watching for file changes with StatReloader
C:\Users\ipech\OneDrive\Рабочий стол\Научка\Cat\myproject\myapp\radius.py changed, reloading.
Watching for file changes with StatReloader
C:\Users\ipech\OneDrive\Рабочий стол\Научка\Cat\myproject\myapp\views.py changed, reloading.
Watching for file changes with StatReloader
C:\Users\ipech\OneDrive\Рабочий стол\Научка\Cat\myproject\myapp\views.py changed, reloading.
Watching for file changes with StatReloader
C:\Users\ipech\OneDrive\Рабочий стол\Научка\Cat\myproject\myapp\views.py changed, reloading.
Watching for file changes with StatReloader
Internal Server Error: /spinar/
Traceback (most recent call last):
  File "C:\Users\ipech\OneDrive\Рабочий стол\Научка\Cat\.venv\Lib\site-packages\django\core\handlers\exception.py", line 55, in inner
    response = get_response(request)
               ^^^^^^^^^^^^^^^^^^^^^
  File "C:\Users\ipech\OneDrive\Рабочий стол\Научка\Cat\.venv\Lib\site-packages\django\utils\deprecation.py", line 136, in __call__
    response = self.process_response(request, response)
               ^^^^^^^^^^^^^^^^^^^^^^^^^^^^^^^^^^^^^^^^
  File "C:\Users\ipech\OneDrive\Рабочий стол\Научка\Cat\.venv\Lib\site-packages\django\middleware\clickjacking.py", line 27, in process_response
    if response.get("X-Frame-Options") is not None:
       ^^^^^^^^^^^^
AttributeError: 'list' object has no attribute 'get'
"POST /spinar/ HTTP/1.1" 500 76018
C:\Users\ipech\OneDrive\Рабочий стол\Научка\Cat\myproject\myapp\views.py changed, reloading.
Watching for file changes with StatReloader
C:\Users\ipech\OneDrive\Рабочий стол\Научка\Cat\myproject\myapp\views.py changed, reloading.
Watching for file changes with StatReloader
C:\Users\ipech\OneDrive\Рабочий стол\Научка\Cat\myproject\myapp\views.py changed, reloading.
Watching for file changes with StatReloader
C:\Users\ipech\OneDrive\Рабочий стол\Научка\Cat\myproject\myapp\views.py changed, reloading.
Watching for file changes with StatReloader
C:\Users\ipech\OneDrive\Рабочий стол\Научка\Cat\myproject\myapp\views.py changed, reloading.
Watching for file changes with StatReloader
"POST /spinar/ HTTP/1.1" 200 2985
Not Found: /spinar/style.css
"GET /spinar/style.css HTTP/1.1" 404 3658
"POST /spinar/ HTTP/1.1" 200 2985
Not Found: /spinar/style.css
"GET /spinar/style.css HTTP/1.1" 404 3658
Internal Server Error: /spinar/
Traceback (most recent call last):
  File "C:\Users\ipech\OneDrive\Рабочий стол\Научка\Cat\.venv\Lib\site-packages\django\template\base.py", line 502, in parse
    compile_func = self.tags[command]
                   ~~~~~~~~~^^^^^^^^^
KeyError: 'endblock'

During handling of the above exception, another exception occurred:

Traceback (most recent call last):
  File "C:\Users\ipech\OneDrive\Рабочий стол\Научка\Cat\.venv\Lib\site-packages\django\core\handlers\exception.py", line 55, in inner
    response = get_response(request)
               ^^^^^^^^^^^^^^^^^^^^^
  File "C:\Users\ipech\OneDrive\Рабочий стол\Научка\Cat\.venv\Lib\site-packages\django\core\handlers\base.py", line 197, in _get_response
    response = wrapped_callback(request, *callback_args, **callback_kwargs)
               ^^^^^^^^^^^^^^^^^^^^^^^^^^^^^^^^^^^^^^^^^^^^^^^^^^^^^^^^^^^^
  File "C:\Users\ipech\OneDrive\Рабочий стол\Научка\Cat\myproject\myapp\views.py", line 155, in spinar
    return render(request, "spinar.html", {'data': data})
           ^^^^^^^^^^^^^^^^^^^^^^^^^^^^^^^^^^^^^^^^^^^^^^
  File "C:\Users\ipech\OneDrive\Рабочий стол\Научка\Cat\.venv\Lib\site-packages\django\shortcuts.py", line 25, in render
    content = loader.render_to_string(template_name, context, request, using=using)
              ^^^^^^^^^^^^^^^^^^^^^^^^^^^^^^^^^^^^^^^^^^^^^^^^^^^^^^^^^^^^^^^^^^^^^
  File "C:\Users\ipech\OneDrive\Рабочий стол\Научка\Cat\.venv\Lib\site-packages\django\template\loader.py", line 61, in render_to_string
    template = get_template(template_name, using=using)
               ^^^^^^^^^^^^^^^^^^^^^^^^^^^^^^^^^^^^^^^^
  File "C:\Users\ipech\OneDrive\Рабочий стол\Научка\Cat\.venv\Lib\site-packages\django\template\loader.py", line 15, in get_template
    return engine.get_template(template_name)
           ^^^^^^^^^^^^^^^^^^^^^^^^^^^^^^^^^^
  File "C:\Users\ipech\OneDrive\Рабочий стол\Научка\Cat\.venv\Lib\site-packages\django\template\backends\django.py", line 33, in get_template
    return Template(self.engine.get_template(template_name), self)
                    ^^^^^^^^^^^^^^^^^^^^^^^^^^^^^^^^^^^^^^^
  File "C:\Users\ipech\OneDrive\Рабочий стол\Научка\Cat\.venv\Lib\site-packages\django\template\engine.py", line 177, in get_template
    template, origin = self.find_template(template_name)
                       ^^^^^^^^^^^^^^^^^^^^^^^^^^^^^^^^^
  File "C:\Users\ipech\OneDrive\Рабочий стол\Научка\Cat\.venv\Lib\site-packages\django\template\engine.py", line 159, in find_template
    template = loader.get_template(name, skip=skip)
               ^^^^^^^^^^^^^^^^^^^^^^^^^^^^^^^^^^^^
  File "C:\Users\ipech\OneDrive\Рабочий стол\Научка\Cat\.venv\Lib\site-packages\django\template\loaders\cached.py", line 57, in get_template
    template = super().get_template(template_name, skip)
               ^^^^^^^^^^^^^^^^^^^^^^^^^^^^^^^^^^^^^^^^^
  File "C:\Users\ipech\OneDrive\Рабочий стол\Научка\Cat\.venv\Lib\site-packages\django\template\loaders\base.py", line 28, in get_template
    return Template(
           ^^^^^^^^^
  File "C:\Users\ipech\OneDrive\Рабочий стол\Научка\Cat\.venv\Lib\site-packages\django\template\base.py", line 154, in __init__
    self.nodelist = self.compile_nodelist()
                    ^^^^^^^^^^^^^^^^^^^^^^^
  File "C:\Users\ipech\OneDrive\Рабочий стол\Научка\Cat\.venv\Lib\site-packages\django\template\base.py", line 196, in compile_nodelist
    return parser.parse()
           ^^^^^^^^^^^^^^
  File "C:\Users\ipech\OneDrive\Рабочий стол\Научка\Cat\.venv\Lib\site-packages\django\template\base.py", line 510, in parse
    raise self.error(token, e)
  File "C:\Users\ipech\OneDrive\Рабочий стол\Научка\Cat\.venv\Lib\site-packages\django\template\base.py", line 508, in parse
    compiled_result = compile_func(self, token)
                      ^^^^^^^^^^^^^^^^^^^^^^^^^
  File "C:\Users\ipech\OneDrive\Рабочий стол\Научка\Cat\.venv\Lib\site-packages\django\template\loader_tags.py", line 295, in do_extends
    nodelist = parser.parse()
               ^^^^^^^^^^^^^^
  File "C:\Users\ipech\OneDrive\Рабочий стол\Научка\Cat\.venv\Lib\site-packages\django\template\base.py", line 510, in parse
    raise self.error(token, e)
  File "C:\Users\ipech\OneDrive\Рабочий стол\Научка\Cat\.venv\Lib\site-packages\django\template\base.py", line 508, in parse
    compiled_result = compile_func(self, token)
                      ^^^^^^^^^^^^^^^^^^^^^^^^^
  File "C:\Users\ipech\OneDrive\Рабочий стол\Научка\Cat\.venv\Lib\site-packages\django\template\loader_tags.py", line 234, in do_block
    nodelist = parser.parse(("endblock",))
               ^^^^^^^^^^^^^^^^^^^^^^^^^^^
  File "C:\Users\ipech\OneDrive\Рабочий стол\Научка\Cat\.venv\Lib\site-packages\django\template\base.py", line 510, in parse
    raise self.error(token, e)
  File "C:\Users\ipech\OneDrive\Рабочий стол\Научка\Cat\.venv\Lib\site-packages\django\template\base.py", line 508, in parse
    compiled_result = compile_func(self, token)
                      ^^^^^^^^^^^^^^^^^^^^^^^^^
  File "C:\Users\ipech\OneDrive\Рабочий стол\Научка\Cat\.venv\Lib\site-packages\django\template\defaulttags.py", line 861, in do_for
    nodelist_loop = parser.parse(
                    ^^^^^^^^^^^^^
  File "C:\Users\ipech\OneDrive\Рабочий стол\Научка\Cat\.venv\Lib\site-packages\django\template\base.py", line 510, in parse
    raise self.error(token, e)
  File "C:\Users\ipech\OneDrive\Рабочий стол\Научка\Cat\.venv\Lib\site-packages\django\template\base.py", line 508, in parse
    compiled_result = compile_func(self, token)
                      ^^^^^^^^^^^^^^^^^^^^^^^^^
  File "C:\Users\ipech\OneDrive\Рабочий стол\Научка\Cat\.venv\Lib\site-packages\django\template\defaulttags.py", line 861, in do_for
    nodelist_loop = parser.parse(
                    ^^^^^^^^^^^^^
  File "C:\Users\ipech\OneDrive\Рабочий стол\Научка\Cat\.venv\Lib\site-packages\django\template\base.py", line 504, in parse
    self.invalid_block_tag(token, command, parse_until)
  File "C:\Users\ipech\OneDrive\Рабочий стол\Научка\Cat\.venv\Lib\site-packages\django\template\base.py", line 555, in invalid_block_tag
    raise self.error(
django.template.exceptions.TemplateSyntaxError: Invalid block tag on line 11: 'endblock', expected 'empty' or 'endfor'. Did you forget to register or load this tag?
"POST /spinar/ HTTP/1.1" 500 207873
"POST /spinar/ HTTP/1.1" 200 19999426
Not Found: /spinar/style.css
"GET /spinar/style.css HTTP/1.1" 404 3658
"GET /spinar/ HTTP/1.1" 200 3585
- Broken pipe from ('127.0.0.1', 47223)
"GET /spinar/ HTTP/1.1" 200 3585
"GET / HTTP/1.1" 200 3219
Watching for file changes with StatReloader
"GET / HTTP/1.1" 200 3219
Not Found: /style.css
"GET /style.css HTTP/1.1" 404 3637
"GET /spinar/ HTTP/1.1" 200 3585
Not Found: /spinar/style.css
"GET /spinar/style.css HTTP/1.1" 404 3658
"POST /spinar/ HTTP/1.1" 200 25528406
Not Found: /spinar/style.css
"GET /spinar/style.css HTTP/1.1" 404 3658
- Broken pipe from ('127.0.0.1', 47367)
"GET /spinar/ HTTP/1.1" 200 3585
Not Found: /spinar/style.css
"GET /spinar/style.css HTTP/1.1" 404 3658
- Broken pipe from ('127.0.0.1', 47366)
- Broken pipe from ('127.0.0.1', 47648)
"POST /spinar/ HTTP/1.1" 200 25528406
Not Found: /spinar/style.css
"GET /spinar/style.css HTTP/1.1" 404 3658
- Broken pipe from ('127.0.0.1', 47337)
"GET /spinar/ HTTP/1.1" 200 3585
- Broken pipe from ('127.0.0.1', 48102)
"GET /spinar/ HTTP/1.1" 200 3585
"GET /spinar/ HTTP/1.1" 200 3585
"GET / HTTP/1.1" 200 3219
Watching for file changes with StatReloader
"GET / HTTP/1.1" 200 3219
Not Found: /style.css
"GET /style.css HTTP/1.1" 404 3637
"GET /spinar/ HTTP/1.1" 200 3585
Not Found: /spinar/style.css
"GET /spinar/style.css HTTP/1.1" 404 3658
Internal Server Error: /spinar/
Traceback (most recent call last):
  File "C:\Users\ipech\OneDrive\Рабочий стол\Научка\Cat\.venv\Lib\site-packages\django\core\handlers\exception.py", line 55, in inner
    response = get_response(request)
               ^^^^^^^^^^^^^^^^^^^^^
  File "C:\Users\ipech\OneDrive\Рабочий стол\Научка\Cat\.venv\Lib\site-packages\django\core\handlers\base.py", line 197, in _get_response
    response = wrapped_callback(request, *callback_args, **callback_kwargs)
               ^^^^^^^^^^^^^^^^^^^^^^^^^^^^^^^^^^^^^^^^^^^^^^^^^^^^^^^^^^^^
  File "C:\Users\ipech\OneDrive\Рабочий стол\Научка\Cat\myproject\myapp\views.py", line 155, in spinar
    return render(request, "spinar.html", {'data': data})
           ^^^^^^^^^^^^^^^^^^^^^^^^^^^^^^^^^^^^^^^^^^^^^^
  File "C:\Users\ipech\OneDrive\Рабочий стол\Научка\Cat\.venv\Lib\site-packages\django\shortcuts.py", line 25, in render
    content = loader.render_to_string(template_name, context, request, using=using)
              ^^^^^^^^^^^^^^^^^^^^^^^^^^^^^^^^^^^^^^^^^^^^^^^^^^^^^^^^^^^^^^^^^^^^^
  File "C:\Users\ipech\OneDrive\Рабочий стол\Научка\Cat\.venv\Lib\site-packages\django\template\loader.py", line 61, in render_to_string
    template = get_template(template_name, using=using)
               ^^^^^^^^^^^^^^^^^^^^^^^^^^^^^^^^^^^^^^^^
  File "C:\Users\ipech\OneDrive\Рабочий стол\Научка\Cat\.venv\Lib\site-packages\django\template\loader.py", line 15, in get_template
    return engine.get_template(template_name)
           ^^^^^^^^^^^^^^^^^^^^^^^^^^^^^^^^^^
  File "C:\Users\ipech\OneDrive\Рабочий стол\Научка\Cat\.venv\Lib\site-packages\django\template\backends\django.py", line 33, in get_template
    return Template(self.engine.get_template(template_name), self)
                    ^^^^^^^^^^^^^^^^^^^^^^^^^^^^^^^^^^^^^^^
  File "C:\Users\ipech\OneDrive\Рабочий стол\Научка\Cat\.venv\Lib\site-packages\django\template\engine.py", line 177, in get_template
    template, origin = self.find_template(template_name)
                       ^^^^^^^^^^^^^^^^^^^^^^^^^^^^^^^^^
  File "C:\Users\ipech\OneDrive\Рабочий стол\Научка\Cat\.venv\Lib\site-packages\django\template\engine.py", line 159, in find_template
    template = loader.get_template(name, skip=skip)
               ^^^^^^^^^^^^^^^^^^^^^^^^^^^^^^^^^^^^
  File "C:\Users\ipech\OneDrive\Рабочий стол\Научка\Cat\.venv\Lib\site-packages\django\template\loaders\cached.py", line 57, in get_template
    template = super().get_template(template_name, skip)
               ^^^^^^^^^^^^^^^^^^^^^^^^^^^^^^^^^^^^^^^^^
  File "C:\Users\ipech\OneDrive\Рабочий стол\Научка\Cat\.venv\Lib\site-packages\django\template\loaders\base.py", line 28, in get_template
    return Template(
           ^^^^^^^^^
  File "C:\Users\ipech\OneDrive\Рабочий стол\Научка\Cat\.venv\Lib\site-packages\django\template\base.py", line 154, in __init__
    self.nodelist = self.compile_nodelist()
                    ^^^^^^^^^^^^^^^^^^^^^^^
  File "C:\Users\ipech\OneDrive\Рабочий стол\Научка\Cat\.venv\Lib\site-packages\django\template\base.py", line 196, in compile_nodelist
    return parser.parse()
           ^^^^^^^^^^^^^^
  File "C:\Users\ipech\OneDrive\Рабочий стол\Научка\Cat\.venv\Lib\site-packages\django\template\base.py", line 510, in parse
    raise self.error(token, e)
  File "C:\Users\ipech\OneDrive\Рабочий стол\Научка\Cat\.venv\Lib\site-packages\django\template\base.py", line 508, in parse
    compiled_result = compile_func(self, token)
                      ^^^^^^^^^^^^^^^^^^^^^^^^^
  File "C:\Users\ipech\OneDrive\Рабочий стол\Научка\Cat\.venv\Lib\site-packages\django\template\loader_tags.py", line 295, in do_extends
    nodelist = parser.parse()
               ^^^^^^^^^^^^^^
  File "C:\Users\ipech\OneDrive\Рабочий стол\Научка\Cat\.venv\Lib\site-packages\django\template\base.py", line 510, in parse
    raise self.error(token, e)
  File "C:\Users\ipech\OneDrive\Рабочий стол\Научка\Cat\.venv\Lib\site-packages\django\template\base.py", line 508, in parse
    compiled_result = compile_func(self, token)
                      ^^^^^^^^^^^^^^^^^^^^^^^^^
  File "C:\Users\ipech\OneDrive\Рабочий стол\Научка\Cat\.venv\Lib\site-packages\django\template\loader_tags.py", line 234, in do_block
    nodelist = parser.parse(("endblock",))
               ^^^^^^^^^^^^^^^^^^^^^^^^^^^
  File "C:\Users\ipech\OneDrive\Рабочий стол\Научка\Cat\.venv\Lib\site-packages\django\template\base.py", line 510, in parse
    raise self.error(token, e)
  File "C:\Users\ipech\OneDrive\Рабочий стол\Научка\Cat\.venv\Lib\site-packages\django\template\base.py", line 508, in parse
    compiled_result = compile_func(self, token)
                      ^^^^^^^^^^^^^^^^^^^^^^^^^
  File "C:\Users\ipech\OneDrive\Рабочий стол\Научка\Cat\.venv\Lib\site-packages\django\template\defaulttags.py", line 861, in do_for
    nodelist_loop = parser.parse(
                    ^^^^^^^^^^^^^
  File "C:\Users\ipech\OneDrive\Рабочий стол\Научка\Cat\.venv\Lib\site-packages\django\template\base.py", line 481, in parse
    raise self.error(token, e)
  File "C:\Users\ipech\OneDrive\Рабочий стол\Научка\Cat\.venv\Lib\site-packages\django\template\base.py", line 479, in parse
    filter_expression = self.compile_filter(token.contents)
                        ^^^^^^^^^^^^^^^^^^^^^^^^^^^^^^^^^^^
  File "C:\Users\ipech\OneDrive\Рабочий стол\Научка\Cat\.venv\Lib\site-packages\django\template\base.py", line 597, in compile_filter
    return FilterExpression(token, self)
           ^^^^^^^^^^^^^^^^^^^^^^^^^^^^^
  File "C:\Users\ipech\OneDrive\Рабочий стол\Научка\Cat\.venv\Lib\site-packages\django\template\base.py", line 698, in __init__
    raise TemplateSyntaxError(
django.template.exceptions.TemplateSyntaxError: Could not parse the remainder: '[1]' from 'k[1]'
"POST /spinar/ HTTP/1.1" 500 201254
Internal Server Error: /spinar/
Traceback (most recent call last):
  File "C:\Users\ipech\OneDrive\Рабочий стол\Научка\Cat\.venv\Lib\site-packages\django\core\handlers\exception.py", line 55, in inner
    response = get_response(request)
               ^^^^^^^^^^^^^^^^^^^^^
  File "C:\Users\ipech\OneDrive\Рабочий стол\Научка\Cat\.venv\Lib\site-packages\django\core\handlers\base.py", line 197, in _get_response
    response = wrapped_callback(request, *callback_args, **callback_kwargs)
               ^^^^^^^^^^^^^^^^^^^^^^^^^^^^^^^^^^^^^^^^^^^^^^^^^^^^^^^^^^^^
  File "C:\Users\ipech\OneDrive\Рабочий стол\Научка\Cat\myproject\myapp\views.py", line 155, in spinar
    return render(request, "spinar.html", {'data': data})
           ^^^^^^^^^^^^^^^^^^^^^^^^^^^^^^^^^^^^^^^^^^^^^^
  File "C:\Users\ipech\OneDrive\Рабочий стол\Научка\Cat\.venv\Lib\site-packages\django\shortcuts.py", line 25, in render
    content = loader.render_to_string(template_name, context, request, using=using)
              ^^^^^^^^^^^^^^^^^^^^^^^^^^^^^^^^^^^^^^^^^^^^^^^^^^^^^^^^^^^^^^^^^^^^^
  File "C:\Users\ipech\OneDrive\Рабочий стол\Научка\Cat\.venv\Lib\site-packages\django\template\loader.py", line 61, in render_to_string
    template = get_template(template_name, using=using)
               ^^^^^^^^^^^^^^^^^^^^^^^^^^^^^^^^^^^^^^^^
  File "C:\Users\ipech\OneDrive\Рабочий стол\Научка\Cat\.venv\Lib\site-packages\django\template\loader.py", line 15, in get_template
    return engine.get_template(template_name)
           ^^^^^^^^^^^^^^^^^^^^^^^^^^^^^^^^^^
  File "C:\Users\ipech\OneDrive\Рабочий стол\Научка\Cat\.venv\Lib\site-packages\django\template\backends\django.py", line 33, in get_template
    return Template(self.engine.get_template(template_name), self)
                    ^^^^^^^^^^^^^^^^^^^^^^^^^^^^^^^^^^^^^^^
  File "C:\Users\ipech\OneDrive\Рабочий стол\Научка\Cat\.venv\Lib\site-packages\django\template\engine.py", line 177, in get_template
    template, origin = self.find_template(template_name)
                       ^^^^^^^^^^^^^^^^^^^^^^^^^^^^^^^^^
  File "C:\Users\ipech\OneDrive\Рабочий стол\Научка\Cat\.venv\Lib\site-packages\django\template\engine.py", line 159, in find_template
    template = loader.get_template(name, skip=skip)
               ^^^^^^^^^^^^^^^^^^^^^^^^^^^^^^^^^^^^
  File "C:\Users\ipech\OneDrive\Рабочий стол\Научка\Cat\.venv\Lib\site-packages\django\template\loaders\cached.py", line 57, in get_template
    template = super().get_template(template_name, skip)
               ^^^^^^^^^^^^^^^^^^^^^^^^^^^^^^^^^^^^^^^^^
  File "C:\Users\ipech\OneDrive\Рабочий стол\Научка\Cat\.venv\Lib\site-packages\django\template\loaders\base.py", line 28, in get_template
    return Template(
           ^^^^^^^^^
  File "C:\Users\ipech\OneDrive\Рабочий стол\Научка\Cat\.venv\Lib\site-packages\django\template\base.py", line 154, in __init__
    self.nodelist = self.compile_nodelist()
                    ^^^^^^^^^^^^^^^^^^^^^^^
  File "C:\Users\ipech\OneDrive\Рабочий стол\Научка\Cat\.venv\Lib\site-packages\django\template\base.py", line 196, in compile_nodelist
    return parser.parse()
           ^^^^^^^^^^^^^^
  File "C:\Users\ipech\OneDrive\Рабочий стол\Научка\Cat\.venv\Lib\site-packages\django\template\base.py", line 510, in parse
    raise self.error(token, e)
  File "C:\Users\ipech\OneDrive\Рабочий стол\Научка\Cat\.venv\Lib\site-packages\django\template\base.py", line 508, in parse
    compiled_result = compile_func(self, token)
                      ^^^^^^^^^^^^^^^^^^^^^^^^^
  File "C:\Users\ipech\OneDrive\Рабочий стол\Научка\Cat\.venv\Lib\site-packages\django\template\loader_tags.py", line 295, in do_extends
    nodelist = parser.parse()
               ^^^^^^^^^^^^^^
  File "C:\Users\ipech\OneDrive\Рабочий стол\Научка\Cat\.venv\Lib\site-packages\django\template\base.py", line 510, in parse
    raise self.error(token, e)
  File "C:\Users\ipech\OneDrive\Рабочий стол\Научка\Cat\.venv\Lib\site-packages\django\template\base.py", line 508, in parse
    compiled_result = compile_func(self, token)
                      ^^^^^^^^^^^^^^^^^^^^^^^^^
  File "C:\Users\ipech\OneDrive\Рабочий стол\Научка\Cat\.venv\Lib\site-packages\django\template\loader_tags.py", line 234, in do_block
    nodelist = parser.parse(("endblock",))
               ^^^^^^^^^^^^^^^^^^^^^^^^^^^
  File "C:\Users\ipech\OneDrive\Рабочий стол\Научка\Cat\.venv\Lib\site-packages\django\template\base.py", line 510, in parse
    raise self.error(token, e)
  File "C:\Users\ipech\OneDrive\Рабочий стол\Научка\Cat\.venv\Lib\site-packages\django\template\base.py", line 508, in parse
    compiled_result = compile_func(self, token)
                      ^^^^^^^^^^^^^^^^^^^^^^^^^
  File "C:\Users\ipech\OneDrive\Рабочий стол\Научка\Cat\.venv\Lib\site-packages\django\template\defaulttags.py", line 861, in do_for
    nodelist_loop = parser.parse(
                    ^^^^^^^^^^^^^
  File "C:\Users\ipech\OneDrive\Рабочий стол\Научка\Cat\.venv\Lib\site-packages\django\template\base.py", line 481, in parse
    raise self.error(token, e)
  File "C:\Users\ipech\OneDrive\Рабочий стол\Научка\Cat\.venv\Lib\site-packages\django\template\base.py", line 479, in parse
    filter_expression = self.compile_filter(token.contents)
                        ^^^^^^^^^^^^^^^^^^^^^^^^^^^^^^^^^^^
  File "C:\Users\ipech\OneDrive\Рабочий стол\Научка\Cat\.venv\Lib\site-packages\django\template\base.py", line 597, in compile_filter
    return FilterExpression(token, self)
           ^^^^^^^^^^^^^^^^^^^^^^^^^^^^^
  File "C:\Users\ipech\OneDrive\Рабочий стол\Научка\Cat\.venv\Lib\site-packages\django\template\base.py", line 698, in __init__
    raise TemplateSyntaxError(
django.template.exceptions.TemplateSyntaxError: Could not parse the remainder: '(1)' from 'k(1)'
"POST /spinar/ HTTP/1.1" 500 201254
Internal Server Error: /spinar/
Traceback (most recent call last):
  File "C:\Users\ipech\OneDrive\Рабочий стол\Научка\Cat\.venv\Lib\site-packages\django\template\base.py", line 502, in parse
    compile_func = self.tags[command]
                   ~~~~~~~~~^^^^^^^^^
KeyError: 'endfor'

During handling of the above exception, another exception occurred:

Traceback (most recent call last):
  File "C:\Users\ipech\OneDrive\Рабочий стол\Научка\Cat\.venv\Lib\site-packages\django\core\handlers\exception.py", line 55, in inner
    response = get_response(request)
               ^^^^^^^^^^^^^^^^^^^^^
  File "C:\Users\ipech\OneDrive\Рабочий стол\Научка\Cat\.venv\Lib\site-packages\django\core\handlers\base.py", line 197, in _get_response
    response = wrapped_callback(request, *callback_args, **callback_kwargs)
               ^^^^^^^^^^^^^^^^^^^^^^^^^^^^^^^^^^^^^^^^^^^^^^^^^^^^^^^^^^^^
  File "C:\Users\ipech\OneDrive\Рабочий стол\Научка\Cat\myproject\myapp\views.py", line 155, in spinar
    return render(request, "spinar.html", {'data': data})
           ^^^^^^^^^^^^^^^^^^^^^^^^^^^^^^^^^^^^^^^^^^^^^^
  File "C:\Users\ipech\OneDrive\Рабочий стол\Научка\Cat\.venv\Lib\site-packages\django\shortcuts.py", line 25, in render
    content = loader.render_to_string(template_name, context, request, using=using)
              ^^^^^^^^^^^^^^^^^^^^^^^^^^^^^^^^^^^^^^^^^^^^^^^^^^^^^^^^^^^^^^^^^^^^^
  File "C:\Users\ipech\OneDrive\Рабочий стол\Научка\Cat\.venv\Lib\site-packages\django\template\loader.py", line 61, in render_to_string
    template = get_template(template_name, using=using)
               ^^^^^^^^^^^^^^^^^^^^^^^^^^^^^^^^^^^^^^^^
  File "C:\Users\ipech\OneDrive\Рабочий стол\Научка\Cat\.venv\Lib\site-packages\django\template\loader.py", line 15, in get_template
    return engine.get_template(template_name)
           ^^^^^^^^^^^^^^^^^^^^^^^^^^^^^^^^^^
  File "C:\Users\ipech\OneDrive\Рабочий стол\Научка\Cat\.venv\Lib\site-packages\django\template\backends\django.py", line 33, in get_template
    return Template(self.engine.get_template(template_name), self)
                    ^^^^^^^^^^^^^^^^^^^^^^^^^^^^^^^^^^^^^^^
  File "C:\Users\ipech\OneDrive\Рабочий стол\Научка\Cat\.venv\Lib\site-packages\django\template\engine.py", line 177, in get_template
    template, origin = self.find_template(template_name)
                       ^^^^^^^^^^^^^^^^^^^^^^^^^^^^^^^^^
  File "C:\Users\ipech\OneDrive\Рабочий стол\Научка\Cat\.venv\Lib\site-packages\django\template\engine.py", line 159, in find_template
    template = loader.get_template(name, skip=skip)
               ^^^^^^^^^^^^^^^^^^^^^^^^^^^^^^^^^^^^
  File "C:\Users\ipech\OneDrive\Рабочий стол\Научка\Cat\.venv\Lib\site-packages\django\template\loaders\cached.py", line 57, in get_template
    template = super().get_template(template_name, skip)
               ^^^^^^^^^^^^^^^^^^^^^^^^^^^^^^^^^^^^^^^^^
  File "C:\Users\ipech\OneDrive\Рабочий стол\Научка\Cat\.venv\Lib\site-packages\django\template\loaders\base.py", line 28, in get_template
    return Template(
           ^^^^^^^^^
  File "C:\Users\ipech\OneDrive\Рабочий стол\Научка\Cat\.venv\Lib\site-packages\django\template\base.py", line 154, in __init__
    self.nodelist = self.compile_nodelist()
                    ^^^^^^^^^^^^^^^^^^^^^^^
  File "C:\Users\ipech\OneDrive\Рабочий стол\Научка\Cat\.venv\Lib\site-packages\django\template\base.py", line 196, in compile_nodelist
    return parser.parse()
           ^^^^^^^^^^^^^^
  File "C:\Users\ipech\OneDrive\Рабочий стол\Научка\Cat\.venv\Lib\site-packages\django\template\base.py", line 510, in parse
    raise self.error(token, e)
  File "C:\Users\ipech\OneDrive\Рабочий стол\Научка\Cat\.venv\Lib\site-packages\django\template\base.py", line 508, in parse
    compiled_result = compile_func(self, token)
                      ^^^^^^^^^^^^^^^^^^^^^^^^^
  File "C:\Users\ipech\OneDrive\Рабочий стол\Научка\Cat\.venv\Lib\site-packages\django\template\loader_tags.py", line 295, in do_extends
    nodelist = parser.parse()
               ^^^^^^^^^^^^^^
  File "C:\Users\ipech\OneDrive\Рабочий стол\Научка\Cat\.venv\Lib\site-packages\django\template\base.py", line 510, in parse
    raise self.error(token, e)
  File "C:\Users\ipech\OneDrive\Рабочий стол\Научка\Cat\.venv\Lib\site-packages\django\template\base.py", line 508, in parse
    compiled_result = compile_func(self, token)
                      ^^^^^^^^^^^^^^^^^^^^^^^^^
  File "C:\Users\ipech\OneDrive\Рабочий стол\Научка\Cat\.venv\Lib\site-packages\django\template\loader_tags.py", line 234, in do_block
    nodelist = parser.parse(("endblock",))
               ^^^^^^^^^^^^^^^^^^^^^^^^^^^
  File "C:\Users\ipech\OneDrive\Рабочий стол\Научка\Cat\.venv\Lib\site-packages\django\template\base.py", line 504, in parse
    self.invalid_block_tag(token, command, parse_until)
  File "C:\Users\ipech\OneDrive\Рабочий стол\Научка\Cat\.venv\Lib\site-packages\django\template\base.py", line 555, in invalid_block_tag
    raise self.error(
django.template.exceptions.TemplateSyntaxError: Invalid block tag on line 9: 'endfor', expected 'endblock'. Did you forget to register or load this tag?
"POST /spinar/ HTTP/1.1" 500 179545
"POST /spinar/ HTTP/1.1" 200 6775880
Not Found: /spinar/style.css
"GET /spinar/style.css HTTP/1.1" 404 3658
C:\Users\ipech\OneDrive\Рабочий стол\Научка\Cat\myproject\myapp\radius.py changed, reloading.
Watching for file changes with StatReloader
C:\Users\ipech\OneDrive\Рабочий стол\Научка\Cat\myproject\myapp\radius.py changed, reloading.
Watching for file changes with StatReloader
C:\Users\ipech\OneDrive\Рабочий стол\Научка\Cat\myproject\myapp\radius.py changed, reloading.
Watching for file changes with StatReloader
C:\Users\ipech\OneDrive\Рабочий стол\Научка\Cat\myproject\myapp\radius.py changed, reloading.
Watching for file changes with StatReloader
C:\Users\ipech\OneDrive\Рабочий стол\Научка\Cat\myproject\myapp\radius.py changed, reloading.
Watching for file changes with StatReloader
C:\Users\ipech\OneDrive\Рабочий стол\Научка\Cat\myproject\myapp\views.py changed, reloading.
Watching for file changes with StatReloader
C:\Users\ipech\OneDrive\Рабочий стол\Научка\Cat\myproject\myapp\views.py changed, reloading.
Watching for file changes with StatReloader
C:\Users\ipech\OneDrive\Рабочий стол\Научка\Cat\myproject\myapp\views.py changed, reloading.
Watching for file changes with StatReloader
C:\Users\ipech\OneDrive\Рабочий стол\Научка\Cat\myproject\myapp\views.py changed, reloading.
Watching for file changes with StatReloader
"GET / HTTP/1.1" 200 3219
Not Found: /style.css
"GET /style.css HTTP/1.1" 404 3637
"GET /spinar/ HTTP/1.1" 200 3585
Not Found: /spinar/style.css
"GET /spinar/style.css HTTP/1.1" 404 3658
Internal Server Error: /spinar/
Traceback (most recent call last):
  File "C:\Users\ipech\OneDrive\Рабочий стол\Научка\Cat\.venv\Lib\site-packages\django\core\handlers\exception.py", line 55, in inner
    response = get_response(request)
               ^^^^^^^^^^^^^^^^^^^^^
  File "C:\Users\ipech\OneDrive\Рабочий стол\Научка\Cat\.venv\Lib\site-packages\django\core\handlers\base.py", line 204, in _get_response
    self.check_response(response, callback)
  File "C:\Users\ipech\OneDrive\Рабочий стол\Научка\Cat\.venv\Lib\site-packages\django\core\handlers\base.py", line 332, in check_response
    raise ValueError(
ValueError: The view myapp.views.spinar didn't return an HttpResponse object. It returned None instead.
"POST /spinar/ HTTP/1.1" 500 69249
C:\Users\ipech\OneDrive\Рабочий стол\Научка\Cat\myproject\myapp\views.py changed, reloading.
Watching for file changes with StatReloader
C:\Users\ipech\OneDrive\Рабочий стол\Научка\Cat\myproject\myapp\views.py changed, reloading.
Watching for file changes with StatReloader
C:\Users\ipech\OneDrive\Рабочий стол\Научка\Cat\myproject\myapp\radius.py changed, reloading.
Watching for file changes with StatReloader
C:\Users\ipech\OneDrive\Рабочий стол\Научка\Cat\myproject\myapp\radius.py changed, reloading.
Watching for file changes with StatReloader
C:\Users\ipech\OneDrive\Рабочий стол\Научка\Cat\myproject\myapp\radius.py changed, reloading.
Watching for file changes with StatReloader
C:\Users\ipech\OneDrive\Рабочий стол\Научка\Cat\myproject\myapp\radius.py changed, reloading.
Watching for file changes with StatReloader
C:\Users\ipech\OneDrive\Рабочий стол\Научка\Cat\myproject\myapp\radius.py changed, reloading.
Watching for file changes with StatReloader
C:\Users\ipech\OneDrive\Рабочий стол\Научка\Cat\myproject\myapp\radius.py changed, reloading.
Watching for file changes with StatReloader
C:\Users\ipech\OneDrive\Рабочий стол\Научка\Cat\myproject\myapp\radius.py changed, reloading.
Watching for file changes with StatReloader
C:\Users\ipech\OneDrive\Рабочий стол\Научка\Cat\myproject\myapp\radius.py changed, reloading.
Watching for file changes with StatReloader
C:\Users\ipech\OneDrive\Рабочий стол\Научка\Cat\myproject\myapp\radius.py changed, reloading.
Watching for file changes with StatReloader
C:\Users\ipech\OneDrive\Рабочий стол\Научка\Cat\myproject\myapp\radius.py changed, reloading.
Watching for file changes with StatReloader
C:\Users\ipech\OneDrive\Рабочий стол\Научка\Cat\myproject\myapp\radius.py changed, reloading.
Watching for file changes with StatReloader
C:\Users\ipech\OneDrive\Рабочий стол\Научка\Cat\myproject\myapp\radius.py changed, reloading.
Watching for file changes with StatReloader
"POST /spinar/ HTTP/1.1" 200 3030
Not Found: /spinar/style.css
"GET /spinar/style.css HTTP/1.1" 404 3658
"GET /spinar/ HTTP/1.1" 200 3585
Not Found: /spinar/style.css
"GET /spinar/style.css HTTP/1.1" 404 3658
"POST /spinar/ HTTP/1.1" 200 3030
Not Found: /spinar/style.css
"GET /spinar/style.css HTTP/1.1" 404 3658
"POST /spinar/ HTTP/1.1" 200 3026
Not Found: /spinar/style.css
"GET /spinar/style.css HTTP/1.1" 404 3658
"POST /spinar/ HTTP/1.1" 200 3026
Not Found: /spinar/style.css
"GET /spinar/style.css HTTP/1.1" 404 3658
"POST /spinar/ HTTP/1.1" 200 2315273
Not Found: /spinar/style.css
"GET /spinar/style.css HTTP/1.1" 404 3658
"POST /spinar/ HTTP/1.1" 200 3026
Not Found: /spinar/style.css
"GET /spinar/style.css HTTP/1.1" 404 3658
C:\Users\ipech\OneDrive\Рабочий стол\Научка\Cat\myproject\myapp\radius.py changed, reloading.
Watching for file changes with StatReloader
C:\Users\ipech\OneDrive\Рабочий стол\Научка\Cat\myproject\myapp\radius.py changed, reloading.
Watching for file changes with StatReloader
C:\Users\ipech\OneDrive\Рабочий стол\Научка\Cat\myproject\myapp\radius.py changed, reloading.
Watching for file changes with StatReloader
C:\Users\ipech\OneDrive\Рабочий стол\Научка\Cat\myproject\myapp\radius.py changed, reloading.
Watching for file changes with StatReloader
C:\Users\ipech\OneDrive\Рабочий стол\Научка\Cat\myproject\myapp\radius.py changed, reloading.
Watching for file changes with StatReloader
C:\Users\ipech\OneDrive\Рабочий стол\Научка\Cat\myproject\myapp\radius.py changed, reloading.
Watching for file changes with StatReloader
C:\Users\ipech\OneDrive\Рабочий стол\Научка\Cat\myproject\myapp\radius.py changed, reloading.
Watching for file changes with StatReloader
C:\Users\ipech\OneDrive\Рабочий стол\Научка\Cat\myproject\myapp\radius.py changed, reloading.
Watching for file changes with StatReloader
Watching for file changes with StatReloader
"GET /spinar/ HTTP/1.1" 200 3585
Not Found: /spinar/style.css
"GET /spinar/style.css HTTP/1.1" 404 3658
"GET /spinar/ HTTP/1.1" 200 3585
Not Found: /spinar/style.css
"GET /spinar/style.css HTTP/1.1" 404 3658
Watching for file changes with StatReloader
"GET /spinar/ HTTP/1.1" 200 3585
Not Found: /spinar/style.css
"GET /spinar/style.css HTTP/1.1" 404 3658
C:\Users\ipech\OneDrive\Рабочий стол\Научка\Cat\myproject\myapp\radius.py changed, reloading.
Watching for file changes with StatReloader
"GET / HTTP/1.1" 200 3219
Not Found: /style.css
"GET /style.css HTTP/1.1" 404 3637
"GET /spinar/ HTTP/1.1" 200 3585
Not Found: /spinar/style.css
"GET /spinar/style.css HTTP/1.1" 404 3658
"POST /spinar/ HTTP/1.1" 200 22250212
Not Found: /spinar/style.css
"GET /spinar/style.css HTTP/1.1" 404 3658
"GET /spinar/ HTTP/1.1" 200 3585
Not Found: /spinar/style.css
"GET /spinar/style.css HTTP/1.1" 404 3658
"POST /spinar/ HTTP/1.1" 200 11165590
Not Found: /spinar/style.css
"GET /spinar/style.css HTTP/1.1" 404 3658
C:\Users\ipech\OneDrive\Рабочий стол\Научка\Cat\myproject\myapp\radius.py changed, reloading.
Watching for file changes with StatReloader
C:\Users\ipech\OneDrive\Рабочий стол\Научка\Cat\myproject\myapp\radius.py changed, reloading.
Watching for file changes with StatReloader
"POST /spinar/ HTTP/1.1" 200 100021
Not Found: /spinar/style.css
"GET /spinar/style.css HTTP/1.1" 404 3658
"GET /spinar/ HTTP/1.1" 200 3585
"POST /spinar/ HTTP/1.1" 200 116559
Not Found: /spinar/style.css
"GET /spinar/style.css HTTP/1.1" 404 3658
C:\Users\ipech\OneDrive\Рабочий стол\Научка\Cat\myproject\myapp\radius.py changed, reloading.
Watching for file changes with StatReloader
C:\Users\ipech\OneDrive\Рабочий стол\Научка\Cat\myproject\myapp\radius.py changed, reloading.
Watching for file changes with StatReloader
C:\Users\ipech\OneDrive\Рабочий стол\Научка\Cat\myproject\myapp\radius.py changed, reloading.
Watching for file changes with StatReloader
"POST /spinar/ HTTP/1.1" 200 110312
Not Found: /spinar/style.css
"GET /spinar/style.css HTTP/1.1" 404 3658
"POST /spinar/ HTTP/1.1" 200 110329
Not Found: /spinar/style.css
"GET /spinar/style.css HTTP/1.1" 404 3658
"POST /spinar/ HTTP/1.1" 200 110399
Not Found: /spinar/style.css
"GET /spinar/style.css HTTP/1.1" 404 3658
Watching for file changes with StatReloader
"GET / HTTP/1.1" 200 3190
Not Found: /style.css
"GET /style.css HTTP/1.1" 404 3637
"GET / HTTP/1.1" 200 3190
Not Found: /style.css
"GET /style.css HTTP/1.1" 404 3637
"GET /transients/ HTTP/1.1" 200 8131
Not Found: /transients/style.css
"GET /transients/style.css HTTP/1.1" 404 3670
"GET / HTTP/1.1" 200 3190
Not Found: /style.css
"GET /style.css HTTP/1.1" 404 3637
"GET /edit/ HTTP/1.1" 200 5592
Not Found: /edit/style.css
"GET /edit/style.css HTTP/1.1" 404 3652
"GET / HTTP/1.1" 200 3190
Not Found: /style.css
"GET /style.css HTTP/1.1" 404 3637
"GET /statistic/ HTTP/1.1" 200 4599
Not Found: /statistic/style.css
"GET /statistic/style.css HTTP/1.1" 404 3667
"GET / HTTP/1.1" 200 3190
Not Found: /style.css
"GET /style.css HTTP/1.1" 404 3637
"GET /spinar/ HTTP/1.1" 200 3556
Not Found: /spinar/style.css
"GET /spinar/style.css HTTP/1.1" 404 3658
"GET / HTTP/1.1" 200 3190
Not Found: /style.css
"GET /style.css HTTP/1.1" 404 3637
"GET / HTTP/1.1" 200 3252
Not Found: /style.css
"GET /style.css HTTP/1.1" 404 3637
"GET / HTTP/1.1" 200 3252
Not Found: /style.css
"GET /style.css HTTP/1.1" 404 3637
"GET /transients/ HTTP/1.1" 200 8193
Not Found: /transients/style.css
"GET /transients/style.css HTTP/1.1" 404 3670
"GET / HTTP/1.1" 200 3273
Not Found: /style.css
"GET /style.css HTTP/1.1" 404 3637
"GET /statistic/ HTTP/1.1" 200 4685
Not Found: /statistic/style.css
"GET /statistic/style.css HTTP/1.1" 404 3667
"GET / HTTP/1.1" 200 3276
Not Found: /style.css
"GET /style.css HTTP/1.1" 404 3637
"GET /transients/ HTTP/1.1" 200 8217
Not Found: /transients/style.css
"GET /transients/style.css HTTP/1.1" 404 3670
"GET /transients/ HTTP/1.1" 200 8217
Not Found: /transients/style.css
"GET /transients/style.css HTTP/1.1" 404 3670
"GET / HTTP/1.1" 200 3276
Not Found: /style.css
"GET /style.css HTTP/1.1" 404 3637
Watching for file changes with StatReloader
"GET / HTTP/1.1" 200 3276
Not Found: /style.css
"GET /style.css HTTP/1.1" 404 3637
Not Found: /favicon.ico
"GET /favicon.ico HTTP/1.1" 404 3643
"GET /transients/ HTTP/1.1" 200 8217
Not Found: /transients/style.css
"GET /transients/style.css HTTP/1.1" 404 3670
"GET /transient/4/ HTTP/1.1" 200 4439
Not Found: /transient/4/style.css
"GET /transient/4/style.css HTTP/1.1" 404 3673
"GET /transient/12/ HTTP/1.1" 200 4449
Not Found: /transient/12/style.css
"GET /transient/12/style.css HTTP/1.1" 404 3676
"GET /transient/13/ HTTP/1.1" 200 4447
Not Found: /transient/13/style.css
"GET /transient/13/style.css HTTP/1.1" 404 3676
"GET /edit/ HTTP/1.1" 200 5678
Not Found: /edit/style.css
"GET /edit/style.css HTTP/1.1" 404 3652
"GET /statistic/ HTTP/1.1" 200 4685
Not Found: /statistic/style.css
"GET /statistic/style.css HTTP/1.1" 404 3667
"GET /send/ HTTP/1.1" 200 4036
Not Found: /send/style.css
"GET /send/style.css HTTP/1.1" 404 3652
"GET /spinar/ HTTP/1.1" 200 3642
Not Found: /spinar/style.css
"GET /spinar/style.css HTTP/1.1" 404 3658
"POST /spinar/ HTTP/1.1" 200 78998
Not Found: /spinar/style.css
"GET /spinar/style.css HTTP/1.1" 404 3658
"GET /spinar/ HTTP/1.1" 200 3642
"POST /spinar/ HTTP/1.1" 200 90787
Not Found: /spinar/style.css
"GET /spinar/style.css HTTP/1.1" 404 3658
Not Found: /transients/style.css
"GET /transients/style.css HTTP/1.1" 404 3670
Not Found: /transients/style.css
"GET /transients/style.css HTTP/1.1" 404 3670
Watching for file changes with StatReloader
"GET / HTTP/1.1" 200 3276
Not Found: /style.css
"GET /style.css HTTP/1.1" 404 3637
Not Found: /favicon.ico
"GET /favicon.ico HTTP/1.1" 404 3643
"GET /transients/ HTTP/1.1" 200 8217
Not Found: /transients/style.css
"GET /transients/style.css HTTP/1.1" 404 3670
"GET /edit/ HTTP/1.1" 200 5678
Not Found: /edit/style.css
"GET /edit/style.css HTTP/1.1" 404 3652
"GET /statistic/ HTTP/1.1" 200 4685
Not Found: /statistic/style.css
"GET /statistic/style.css HTTP/1.1" 404 3667
"GET / HTTP/1.1" 200 3276
Not Found: /style.css
"GET /style.css HTTP/1.1" 404 3637
"GET / HTTP/1.1" 200 3276
Not Found: /style.css
"GET /style.css HTTP/1.1" 404 3637
"GET /send/ HTTP/1.1" 200 4036
Not Found: /send/style.css
"GET /send/style.css HTTP/1.1" 404 3652
"GET /spinar/ HTTP/1.1" 200 3642
Not Found: /spinar/style.css
"GET /spinar/style.css HTTP/1.1" 404 3658
"POST /spinar/ HTTP/1.1" 200 91077
Not Found: /spinar/style.css
"GET /spinar/style.css HTTP/1.1" 404 3658
"GET / HTTP/1.1" 200 3276
Not Found: /style.css
"GET /style.css HTTP/1.1" 404 3637
